<?xml version="1.0" encoding="UTF-8"?>
<!-- Generated by org.testng.reporters.JUnitReportReporter -->
<testsuite hostname="EC_C02MW11AFD58" name="com.kohls.app.pro.Smoke.PluSmokeFourTest" tests="1" failures="0" timestamp="10 Aug 2016 16:14:41 GMT" time="25.973" errors="0">
  <testcase name="smoke01" time="25.973" classname="com.kohls.app.pro.Smoke.PluSmokeFourTest"/>
</testsuite> <!-- com.kohls.app.pro.Smoke.PluSmokeFourTest -->
