<?xml version="1.0" encoding="UTF-8"?>
<!-- Generated by org.testng.reporters.JUnitReportReporter -->
<testsuite hostname="EC_C02MW11AFD58" name="com.kohls.app.pro.Smoke.PluSmokeOneTest" tests="1" failures="0" timestamp="10 Aug 2016 16:14:41 GMT" time="40.515" errors="0">
  <testcase name="PPR_76_92_Item_list_Execution_screen_DEPT_MCL_SCL_MIN_PRICE_TC_02" time="40.515" classname="com.kohls.app.pro.Smoke.PluSmokeOneTest"/>
</testsuite> <!-- com.kohls.app.pro.Smoke.PluSmokeOneTest -->
